2023-12-18 10:31:38.420491_Outfit : NUGv1d8OKD3ZTmoPDG6JWYVe
2023-12-18 10:31:38.420491_Cates : [0]
2023-12-18 10:31:38.420491_Results : ['2236217', '680486', '2897321']
====================================================================================
2023-12-18 10:33:45.757676_Outfit : AZzToDNO40sJxeCMjygQWjPz
2023-12-18 10:33:45.757676_Cates : [0, 2]
2023-12-18 10:33:45.757676_Results : ['2236217', '1676904', '680486', '2220604', '1032570', '1575842']
====================================================================================
2023-12-18 11:05:51.298173_Outfit : gxzeAQ9KxRGScPFDFiphr8d7
2023-12-18 11:05:51.298173_Cates : [1, 2]
2023-12-18 11:05:51.298173_Results : ['2760384', '1783115', '2477601', '1032570', '2220604', '1575842']
====================================================================================
2023-12-18 11:09:12.788122_Outfit : 9s9MEmruG8jOma6JVLND7JeR
2023-12-18 11:09:12.788122_Cates : [0, 2]
2023-12-18 11:09:12.788122_Results : ['2236217', '1676904', '2897321', '1032570', '2220604', '1575842']
====================================================================================
2023-12-18 12:31:54.720006_Outfit : KSvmv0zdKmfNpzHU8Mi9HS5a
2023-12-18 12:31:54.720006_Cates : [1]
2023-12-18 12:31:54.720006_Results : ['2760384', '2477601', '1783115']
====================================================================================
