2023-12-15 10:24:39.154585_Final_Prompt :  alone, solo, Draw only 1 character, The character must be stand and include shoes and pants, hyper realistic, 8k uhd, soft lighting, high quality, 31s Korean man with a chubby body type, looking straight ahead, He is dressed in warm, the fashion is suitable for colder weather and going for a picnic, The style should be modest yet picnic-appropriate in bright color palette. 
2023-12-15 10:24:39.154585_Created_Image : iIxN1ivR3mXjnnYwFFut7NeL
2023-12-15 10:24:39.154585_Created_Image : BzV9RaIWLMAt3zmDyDCFWvjr
2023-12-15 10:24:39.154585_Created_Image : dtR7eit7UjE2R3TX4DLr2sbZ
====================================================================================
2023-12-15 10:44:35.420478_Final_Prompt :  alone, solo, Draw only 1 character, The character must be stand and include shoes and pants, hyper realistic, 8k uhd, soft lighting,high quality, 31 years old Korean woman with a normal body type, looking straight ahead, She is dressed in light, bright colored and modest fashion suitable for a picnic during winter. The style should be chic yet comfortable.
2023-12-15 10:44:35.420478_Created_Image : Lxc90nS9wuZUPfNgs8AUnJfO
2023-12-15 10:44:35.420478_Created_Image : od32hYHcmYTvUyL1kPheIpg7
2023-12-15 10:44:35.420478_Created_Image : meB8B2Kfyvt18sJHHDe5RrzI
====================================================================================
2023-12-15 10:46:48.313953_Final_Prompt :  alone, solo, Draw only 1 character, The character must be stand and include shoes and pants, hyper realistic, 8k uhd, soft lighting, high quality, 31 year old Korean woman with a normal body type, looking straight ahead. She is dressed for a picnic, the outfit is suitable for winter weather. The style is tidy and the colors are bright.
2023-12-15 10:46:48.313953_Created_Image : PV0zGoWmXBsWg8nXBHfRoy4M
2023-12-15 10:46:48.313953_Created_Image : LUHEfkguwwyJtSy8AVl4G8ab
2023-12-15 10:46:48.313953_Created_Image : P01SRwJj61BlZaWZdzxjh5Ri
====================================================================================
2023-12-15 11:03:14.663928_Final_Prompt :  Draw only 1 character, The character is a 31 year old Korean man with a chubby body type, He is dressed in a neat style suitable for a picnic in winter, The colors should be bright, and the fashion should be comfortable and trendy, He should be looking straight ahead and include shoes and pants, The style should be street fashion with bright colors. 
2023-12-15 11:03:14.663928_Created_Image : PMoepeoMV09jLrZ2TNimXXZW
2023-12-15 11:03:14.663928_Created_Image : uEuokaO915nOe5CWOM5VGvst
2023-12-15 11:03:14.663928_Created_Image : rJqLnQBCkwV9FcvfR6bVw2uV
====================================================================================
2023-12-15 12:56:13.823398_Final_Prompt :  alone, solo, Draw only 1 character, The character must be stand and include shoes and pants, hyper realistic, 8k uhd, soft lighting,high quality, 31 years old Korean woman with a normal body type, looking straight ahead, She is dressed in casual and bright-colored fashion suitable for going to a bar.
2023-12-15 12:56:13.823398_Created_Image : cdnOJo7GS9aV4bAjlxBDhily
2023-12-15 12:56:13.823398_Created_Image : m0xpejCjdfnJfNvuq0PBzCPV
2023-12-15 12:56:13.823398_Created_Image : 3bxRW3Cjjwu9LGpM4dt8qu3k
====================================================================================
2023-12-15 12:56:13.823398_Final_Prompt :  alone, solo, Draw only 1 character, The character must be stand and include shoes and pants, hyper realistic, 8k uhd, soft lighting,high quality, 31 years old Korean woman with a normal body type, looking straight ahead, She is dressed in dark color, the fashion is suitable for colder weather and going to library. The style should be elegant and intellectual.
2023-12-15 12:56:13.823398_Created_Image : QIYabnLWJP9Q0QP7SXOEJHeP
2023-12-15 12:56:13.823398_Created_Image : r4fvfdrEblofolhqgLVWFXww
2023-12-15 12:56:13.823398_Created_Image : w3htrOVTOkq65E7PKKi2drGM
====================================================================================
2023-12-15 13:11:52.791649_Final_Prompt :  alone, solo, Draw only 1 character, The character must be stand and include shoes and pants, hyper realistic, 8k uhd, soft lighting, high quality, 31 year old Korean woman with a normal body type, looking straight ahead, She is dressed in warm , the fashion is suitable for studying in the library in wintertime, The style should be intellectual and elegant in dark colors.
2023-12-15 13:11:52.791649_Created_Image : 0O3tEFsghoWPwea99EKGxhQW
2023-12-15 13:11:52.791649_Created_Image : nF79KvMsANpZBJtDefTwbivl
2023-12-15 13:11:52.791649_Created_Image : aICFcoq0fbvxvzUsajIimsj8
====================================================================================
