2023-12-18 10:23:15.693002_Final_Prompt :  alone, solo, Draw only 1 character, The character must be stand and include shoes and pants, hyper realistic, 8k uhd, soft lighting,high quality, 31 years old Korean woman with a normal body type, looking straight ahead, She is dressed in dark, the fashion is suitable for colder weather and going to a cafe, The style should be sophisticated yet casual. 
2023-12-18 10:23:15.693002_Final_Prompt :  alone, solo, Draw only 1 character, The character must stand and include shoes and pants, hyper realistic, 8k uhd, soft lighting, high quality, 31 years old Korean woman with a normal body type, looking straight ahead, She is dressed in dark, elegant fashion suitable for going to a cafe in winter, The style should be sophisticated yet comfortable.
2023-12-18 10:25:50.086894_Final_Prompt :  alone, solo, Draw only 1 character, The character must be stand and include shoes and pants, hyper realistic, 8k uhd, soft lighting, high quality, 31-year-old Korean woman with a normal body type, looking straight ahead, She is dressed in dark, neat style suitable for going to a cafe in Winter. The fashion should be cozy and cafe-appropriate.
2023-12-18 10:27:13.139509_Final_Prompt :  alone, solo, Draw only 1 character, The character must be stand and include shoes and pants, hyper realistic, 8k uhd, soft lighting,high quality, 31s Korean woman with a normal body type, looking straight ahead, She is dressed in dark and modest style, the fashion is suitable for colder weather and going to a cafe, The style should be cozy yet cafe-appropriate.
2023-12-18 10:27:13.139509_Created_Image : 7FdRKISSkR7kJAybmZpszOLd
2023-12-18 10:27:13.139509_Created_Image : GACdCycdzgEfAxC5sRNq9rBY
2023-12-18 10:27:13.139509_Created_Image : jNx3M8M4fXZsUGCgNNiplOOO
====================================================================================
2023-12-18 10:28:38.665768_Final_Prompt :  alone, solo, Draw only 1 character, The character must be stand and include shoes and pants, hyper realistic, 8k uhd, soft lighting,high quality, 31 years old Korean woman with a normal body type, looking straight ahead, She is dressed in dark, warm, and tidy style, the fashion is suitable for colder weather and going to a cafe. The style should be cozy yet cafe-appropriate.
2023-12-18 10:28:38.665768_Created_Image : 2ZjgpHD2NdZPJ9bqWmXhlEWT
2023-12-18 10:28:38.665768_Created_Image : nW4DTBK1S9X3K4PGmOPPVhcb
2023-12-18 10:28:38.665768_Created_Image : Z4vRRNKpSDCKzECd89ssRlgF
====================================================================================
2023-12-18 10:30:16.079964_Final_Prompt :  alone, solo, Draw only 1 character, The character must be stand and include shoes and pants, hyper realistic, 8k uhd, soft lighting, high quality, 31 years old Korean woman with a normal body type, looking straight ahead, She is dressed in dark-toned, neat style suitable for going to a cafe in winter. The style should be cozy yet cafe-appropriate.
2023-12-18 10:30:16.079964_Created_Image : KCJFyIlOPIbKEJA8eNvvUqa1
2023-12-18 10:30:16.079964_Created_Image : JkuhCoqW9jHvYr9fsGJvjvM3
2023-12-18 10:30:16.079964_Created_Image : I233jSuSdno9vHmPlB1Xc6qj
====================================================================================
2023-12-18 10:31:44.968561_Final_Prompt :  alone, solo, Draw only 1 character, The character must be stand and include shoes and pants, hyper realistic, 8k uhd, soft lighting,high quality, 31-year-old Korean woman with a normal body type, looking straight ahead, She is dressed in warm, the fashion is suitable for winter weather and going to a cafe, The style should be neat and dark-colored. 
2023-12-18 10:31:44.968561_Created_Image : NUGv1d8OKD3ZTmoPDG6JWYVe
2023-12-18 10:31:44.968561_Created_Image : ZawYbht0eg7c11BFI1Shomp5
2023-12-18 10:31:44.968561_Created_Image : MutVg0eQnK9CbShw1Bwsre7y
====================================================================================
2023-12-18 10:33:52.357188_Final_Prompt :  alone, solo, Draw only 1 character, The character must be stand and include shoes and pants, hyper realistic, 8k uhd, soft lighting,high quality, 31s Korean woman with a normal body type, looking straight ahead, She is dressed in dark, the fashion is suitable for colder weather and going to a cafe, The style should be neat and elegant.
2023-12-18 10:33:52.357188_Created_Image : Sz7VPJwOp2EkrGGXdA61Y18o
2023-12-18 10:33:52.357188_Created_Image : AZzToDNO40sJxeCMjygQWjPz
2023-12-18 10:33:52.357188_Created_Image : IXgySkj6eFWmOmKT1DhsayY5
====================================================================================
2023-12-18 10:45:38.435300_Final_Prompt :  alone, solo, Draw only 1 character, The character must be stand and include shoes and pants, hyper realistic, 8k uhd, soft lighting,high quality, 31 years old Korean woman with a normal body type, looking straight ahead, She is dressed in dark, the fashion is suitable for colder weather and going to a cafe, The style should be modest yet cafe-appropriate.
2023-12-18 10:45:38.435300_Created_Image : biOFpg9ZF5DlbuRaEhCh2qhF
2023-12-18 10:45:38.435300_Created_Image : aaotiWQalrwPvP1fUMkRuRoL
2023-12-18 10:45:38.435300_Created_Image : YJUBpmEKfGkSKkG7JMurPwi9
====================================================================================
2023-12-18 10:47:49.124303_Final_Prompt :  alone, solo, Draw only 1 character, The character must stand and include shoes and pants, hyper realistic, 8k uhd, soft lighting,high quality, 31s Korean woman with a normal body type, looking straight ahead, She is dressed in dark, the fashion is suitable for colder weather and going to a cafe, The style should be sleek yet cafe-appropriate. 
2023-12-18 10:47:49.124303_Created_Image : 2TIWl7aepPqEqeMDtj8xBfkj
2023-12-18 10:47:49.124303_Created_Image : oreUicrFx0r9OEmTh6uAM0sR
2023-12-18 10:47:49.124303_Created_Image : 1mIIPKqY2206kHuAgDNP11sk
====================================================================================
2023-12-18 10:47:49.124303_Final_Prompt :  alone, solo, Draw only 1 character, The character must be stand and include shoes and pants, hyper realistic, 8k uhd, soft lighting,high quality, 31 years old Korean woman with a normal body type, looking straight ahead, She is dressed in dark colors, the fashion is suitable for colder weather and going to a cafe, The style should be neat yet casual.
2023-12-18 10:47:49.124303_Created_Image : KIUR83jXqpfRSAa1Ab3L9wbi
2023-12-18 10:47:49.124303_Created_Image : kL7jqg7B1oLtOlIY8C0DxRg1
2023-12-18 10:47:49.124303_Created_Image : OhhHLufT2g9w6sbepJG7fM7n
====================================================================================
2023-12-18 11:01:42.842136_Final_Prompt :  alone, solo, Draw only 1 character, The character must be stand and include shoes and pants, hyper realistic, 8k uhd, soft lighting,high quality, 31-year-old Korean woman with a normal body type, looking straight ahead, She is dressed in dark colors, the fashion is suitable for a cafe visit, The style should be neat and sophisticated.
2023-12-18 11:01:42.842136_Created_Image : yQgfL1LI3rMhF13g2nmOUbOv
2023-12-18 11:01:42.842136_Created_Image : ZvKwed6qK1sgJbNIKqt8UvHp
2023-12-18 11:01:42.842136_Created_Image : rhcN4baqId7iQR9P5J3mp8Ph
====================================================================================
2023-12-18 11:03:52.116861_Final_Prompt :  alone, solo, Draw only 1 character, The character must be stand and include shoes and pants, hyper realistic, 8k uhd, soft lighting,high quality, 31 years old Korean woman with a normal body type, looking straight ahead, She is dressed in dark, the fashion is suitable for colder weather and going to a cafe, The style should be neat and sophisticated.
2023-12-18 11:03:52.116861_Created_Image : xSfppEVpBXYXHlSoL4UQXSN8
2023-12-18 11:03:52.116861_Created_Image : 6h4pd43hIm3i4mgVzAWFxI0k
2023-12-18 11:03:52.116861_Created_Image : oYWhxRsHru82L5rkyciTCJw7
====================================================================================
2023-12-18 11:05:57.759443_Final_Prompt :  alone, solo, Draw only 1 character, The character must be stand and include shoes and pants, hyper realistic, 8k uhd, soft lighting, high quality, 31 year old Korean woman with a normal body type, looking straight ahead, She is dressed in dark color tones, the fashion is suitable for a casual cafe visit, The style should be modest yet chic.
2023-12-18 11:05:57.759443_Created_Image : gxzeAQ9KxRGScPFDFiphr8d7
2023-12-18 11:05:57.759443_Created_Image : Or3Q7V5d8AIWzkWn2CuSIidC
2023-12-18 11:05:57.759443_Created_Image : fbCoYodD1CkvdRYvDA1EFH0a
====================================================================================
2023-12-18 11:09:19.676723_Final_Prompt :  alone, solo, Draw only 1 character, The character must be stand and include shoes and pants, hyper realistic, 8k uhd, soft lighting, high quality, 31 year old Korean woman with a normal body type, looking straight ahead, She is dressed in a dark, neat style suitable for going to a cafe in winter. The outfit should be casual yet cafe-appropriate.
2023-12-18 11:09:19.676723_Created_Image : 9s9MEmruG8jOma6JVLND7JeR
2023-12-18 11:09:19.676723_Created_Image : iVSGs5FPAKOxuZeu09EPkycX
2023-12-18 11:09:19.676723_Created_Image : 8RfwR6e4HawxNYS5wNj0sqdr
====================================================================================
2023-12-18 12:32:01.390263_Final_Prompt :  alone, solo, Draw only 1 character, The character must be stand and include shoes and pants, hyper realistic, 8k uhd, soft lighting, high quality, 31 year-old Korean woman with a normal body type, looking straight ahead, She is dressed in dark, elegant style suitable for going to a cafe in the winter. The style should be cozy yet cafe-appropriate.
2023-12-18 12:32:01.390263_Created_Image : KSvmv0zdKmfNpzHU8Mi9HS5a
2023-12-18 12:32:01.390263_Created_Image : YZSQmDVuH5SHZzfAZ21ZJUDC
2023-12-18 12:32:01.390263_Created_Image : KvPBz6aBah1grGG0LiuLyFDU
====================================================================================
