2023-12-15 11:03:07.102655_Outfit : PMoepeoMV09jLrZ2TNimXXZW
2023-12-15 11:03:07.102655_Cates : [0]
2023-12-15 11:03:07.102655_Results : ['2236217', '680486', '2897321']
====================================================================================
2023-12-15 12:56:06.831929_Outfit : m0xpejCjdfnJfNvuq0PBzCPV
2023-12-15 12:56:06.831929_Cates : [1, 2]
2023-12-15 12:56:06.831929_Results : ['3202639', '3202529', '2793275', '2753612', '1862614', '1350362']
====================================================================================
2023-12-15 12:56:06.831929_Outfit : QIYabnLWJP9Q0QP7SXOEJHeP
2023-12-15 12:56:06.831929_Cates : [0, 4]
2023-12-15 12:56:06.831929_Results : ['2236217', '2897321', '1676904', '3039220', '2377835', '3214152']
====================================================================================
2023-12-15 13:11:45.821032_Outfit : nF79KvMsANpZBJtDefTwbivl
2023-12-15 13:11:45.821032_Cates : [0, 3]
2023-12-15 13:11:45.821032_Results : ['2236217', '2897321', '1676904', '1862614', '2753612', '1350362']
====================================================================================
2023-12-15 13:11:45.821032_Outfit : nF79KvMsANpZBJtDefTwbivl
2023-12-15 13:11:45.821032_Cates : [0, 3]
2023-12-15 13:11:45.821032_Results : ['2236217', '2897321', '1676904', '1862614', '2753612', '1350362']
====================================================================================
2023-12-15 13:11:45.821032_Outfit : aICFcoq0fbvxvzUsajIimsj8
2023-12-15 13:11:45.821032_Cates : [0]
2023-12-15 13:11:45.821032_Results : ['2236217', '2897321', '1676904']
====================================================================================
2023-12-15 13:11:45.821032_Outfit : 0O3tEFsghoWPwea99EKGxhQW
2023-12-15 13:11:45.821032_Cates : [3, 4]
2023-12-15 13:11:45.821032_Results : ['2753612', '1862614', '3286902', '3039220', '2377835', '3214152']
====================================================================================
2023-12-15 13:11:45.821032_Outfit : 0O3tEFsghoWPwea99EKGxhQW
2023-12-15 13:11:45.821032_Cates : [3, 4]
2023-12-15 13:11:45.821032_Results : ['2753612', '1862614', '3286902', '3039220', '2377835', '3214152']
====================================================================================
2023-12-15 13:11:45.821032_Outfit : aICFcoq0fbvxvzUsajIimsj8
2023-12-15 13:11:45.821032_Cates : [0]
2023-12-15 13:11:45.821032_Results : ['2236217', '2897321', '1676904']
====================================================================================
2023-12-15 13:11:45.821032_Outfit : nF79KvMsANpZBJtDefTwbivl
2023-12-15 13:11:45.821032_Cates : [0, 3]
2023-12-15 13:11:45.821032_Results : ['2236217', '2897321', '1676904', '1862614', '2753612', '1350362']
====================================================================================
2023-12-15 13:11:45.821032_Outfit : aICFcoq0fbvxvzUsajIimsj8
2023-12-15 13:11:45.821032_Cates : [0]
2023-12-15 13:11:45.821032_Results : ['2236217', '2897321', '1676904']
====================================================================================
2023-12-15 13:11:45.821032_Outfit : nF79KvMsANpZBJtDefTwbivl
2023-12-15 13:11:45.821032_Cates : [0, 3]
2023-12-15 13:11:45.821032_Results : ['2236217', '2897321', '1676904', '1862614', '2753612', '1350362']
====================================================================================
